<?xml version="1.0" encoding="UTF-8"?>
<!-- Generated by org.testng.reporters.JUnitXMLReporter -->
<testsuite ignored="0" hostname="Salmans-MacBook-Pro.local" failures="0" tests="5" name="Test" time="10.42" errors="0" timestamp="2024-06-28T17:35:34 AEST">
  <testcase classname="docker.Setup_DockerGrid" name="start" time="0.005"/>
  <testcase classname="docker.ChromeTest3" name="test3" time="8.782"/>
  <testcase classname="docker.ChromeTest2" name="test2" time="9.5"/>
  <testcase classname="docker.FireFoxTest" name="test4" time="9.594"/>
  <testcase classname="docker.ChromeTest1" name="test1" time="10.401"/>
</testsuite> <!-- Test -->
