<?xml version="1.0" encoding="UTF-8"?>
<!-- Generated by org.testng.reporters.JUnitXMLReporter -->
<testsuite ignored="0" hostname="Salmans-MacBook-Pro.local" failures="0" tests="4" name="Test" time="9.512" errors="0" timestamp="2024-05-14T02:36:50 AEST">
  <testcase classname="docker.ChromeTest3" name="test3" time="6.321"/>
  <testcase classname="docker.ChromeTest2" name="test2" time="6.844"/>
  <testcase classname="docker.FireFoxTest" name="test4" time="7.464"/>
  <testcase classname="docker.ChromeTest1" name="test1" time="9.494"/>
</testsuite> <!-- Test -->
