<?xml version="1.0" encoding="UTF-8"?>
<testng-results ignored="0" total="1" passed="1" failed="0" skipped="0">
  <reporter-output>
  </reporter-output>
  <suite started-at="2024-05-28T01:22:34 AEST" name="Default suite" finished-at="2024-05-28T01:22:55 AEST" duration-ms="20360">
    <groups>
    </groups>
    <test started-at="2024-05-28T01:22:34 AEST" name="Default test" finished-at="2024-05-28T01:22:55 AEST" duration-ms="20360">
      <class name="docker.Setup_DockerGrid">
        <test-method is-config="true" signature="startDockerGrid()[pri:0, instance:docker.Setup_DockerGrid@67d48005]" started-at="2024-05-28T01:22:34 AEST" name="startDockerGrid" finished-at="2024-05-28T01:22:49 AEST" duration-ms="15311" status="PASS">
          <reporter-output>
          </reporter-output>
        </test-method> <!-- startDockerGrid -->
        <test-method signature="start()[pri:0, instance:docker.Setup_DockerGrid@67d48005]" started-at="2024-05-28T01:22:49 AEST" name="start" finished-at="2024-05-28T01:22:49 AEST" duration-ms="9" status="PASS">
          <reporter-output>
          </reporter-output>
        </test-method> <!-- start -->
        <test-method is-config="true" signature="stopDockerGrid()[pri:0, instance:docker.Setup_DockerGrid@67d48005]" started-at="2024-05-28T01:22:50 AEST" name="stopDockerGrid" finished-at="2024-05-28T01:22:55 AEST" duration-ms="5009" status="PASS">
          <reporter-output>
          </reporter-output>
        </test-method> <!-- stopDockerGrid -->
      </class> <!-- docker.Setup_DockerGrid -->
    </test> <!-- Default test -->
  </suite> <!-- Default suite -->
</testng-results>
